[16:02:33.749] [INFO] storybook v10.3.4
[16:02:33.948] [DEBUG] Getting package.json info for /Users/ardamutlu/workspace/nx-mf-react/package.json...
[16:02:34.736] [INFO] Starting...
[16:02:34.807] [DEBUG] Starting preview..
[16:02:34.977] [INFO] Using default Webpack5 setup
[16:02:35.181] [DEBUG] Using tsconfig paths for react-docgen
[16:02:35.804] [ERROR] Failed to build the preview
[16:02:35.807] [WARN] Force closed preview build
[16:02:35.808] [ERROR] [38;2;241;97;97mSB_BUILDER-WEBPACK5_0003 (WebpackCompilationError): There were problems when compiling your code with Webpack.
Run Storybook with --debug-webpack for more information.[39m
    at starter (file:///Users/ardamutlu/workspace/nx-mf-react/node_modules/@storybook/builder-webpack5/dist/index.js:799:11)
    at starter.next (<anonymous>)
    at Module.start (file:///Users/ardamutlu/workspace/nx-mf-react/node_modules/@storybook/builder-webpack5/dist/index.js:857:34)
    at process.processTicksAndRejections (node:internal/process/task_queues:104:5)
    at async storybookDevServer (file:///Users/ardamutlu/workspace/nx-mf-react/node_modules/storybook/dist/core-server/index.js:7503:83)
    at async buildOrThrow (file:///Users/ardamutlu/workspace/nx-mf-react/node_modules/storybook/dist/core-server/index.js:4508:12)
    at async buildDevStandalone (file:///Users/ardamutlu/workspace/nx-mf-react/node_modules/storybook/dist/core-server/index.js:8033:41)
    at async withTelemetry (file:///Users/ardamutlu/workspace/nx-mf-react/node_modules/storybook/dist/_node-chunks/chunk-HUYNFPPD.js:225:12)
    at async dev (file:///Users/ardamutlu/workspace/nx-mf-react/node_modules/storybook/dist/bin/core.js:2736:3)
    at async _Command.<anonymous> (file:///Users/ardamutlu/workspace/nx-mf-react/node_modules/storybook/dist/bin/core.js:2806:92)
[16:02:35.809] [WARN] Broken build, fix the error above.
You may need to refresh the browser.